[06:03:01 PM] Routed : POST /signup/email/check
[06:03:01 PM] Routed : POST /find/password/demand
[06:03:01 PM] Routed : GET /travel/info
[06:03:01 PM] Routed : POST /signup/phone/check
[06:03:01 PM] Routed : POST /travel/accept
[06:03:01 PM] Routed : POST /signup
[06:03:01 PM] Routed : POST /logout
[06:03:01 PM] Routed : POST /travel/invite
[06:03:01 PM] Routed : POST /friend/refuse
[06:03:01 PM] Routed : GET /find_user
[06:03:01 PM] Routed : POST /find/id/verify
[06:03:01 PM] Routed : POST /signup/id/check
[06:03:01 PM] Routed : POST /change/password
[06:03:01 PM] Routed : POST /travel
[06:03:01 PM] Routed : POST /signup/email/demand
[06:03:01 PM] Routed : POST /wish/:content_id
[06:03:01 PM] Routed : GET /friend/request
[06:03:01 PM] Routed : GET /attractions/list/:content_type_id
[06:03:01 PM] Routed : GET /attractions/detail/:content_id
[06:03:01 PM] Routed : GET /testasd
[06:03:01 PM] Routed : POST /travel/refuse
[06:03:01 PM] Routed : POST /find/password/verify
[06:03:01 PM] Routed : GET /wish
[06:03:01 PM] Routed : GET /attractions/list/total
[06:03:01 PM] Routed : POST /signup/email/verify
[06:03:01 PM] Routed : POST /friend/request
[06:03:01 PM] Routed : POST /find/id/demand
[06:03:01 PM] Routed : POST /signup/phone/demand
[06:03:01 PM] Routed : GET /friend
[06:03:01 PM] Routed : POST /signup/phone/verify
[06:03:01 PM] Routed : DELETE /travel
[06:03:01 PM] Routed : GET /travel
[06:03:01 PM] Routed : GET /mypage
[06:03:01 PM] Routed : POST /friend/delete
[06:03:01 PM] Routed : POST /friend/accept
[06:03:01 PM] Routed : DELETE /wish/:content_id
[06:03:01 PM] Routed : GET /travel/invite
[06:03:01 PM] Routed : POST /signin
