[00:31:17 PM - ROUTING] GET /travel/invite
[00:31:17 PM - ROUTING] POST /logout
[00:31:17 PM - ROUTING] GET /travel/info
[00:31:17 PM - ROUTING] DELETE /wish
[00:31:17 PM - ROUTING] POST /change/password
[00:31:17 PM - ROUTING] POST /chat
[00:31:17 PM - ROUTING] DELETE /travel/quit
[00:31:17 PM - ROUTING] POST /find/password/demand
[00:31:17 PM - ROUTING] POST /friend/delete
[00:31:17 PM - ROUTING] GET /mypage
[00:31:17 PM - ROUTING] POST /friend/refuse
[00:31:17 PM - ROUTING] DELETE /travel
[00:31:17 PM - ROUTING] GET /find_user
[00:31:17 PM - ROUTING] GET /attractions/list/total
[00:31:17 PM - ROUTING] POST /user
[00:31:17 PM - ROUTING] GET /travel
[00:31:17 PM - ROUTING] POST /signup/id/check
[00:31:17 PM - ROUTING] POST /find/password/verify
[00:31:18 PM - ROUTING] POST /map
[00:31:18 PM - ROUTING] GET /map
[00:31:18 PM - ROUTING] POST /find/id/demand
[00:31:18 PM - ROUTING] POST /signup/phone/verify
[00:31:18 PM - ROUTING] POST /travel/accept
[00:31:18 PM - ROUTING] GET /attractions/list
[00:31:18 PM - ROUTING] POST /signup/email/verify
[00:31:18 PM - ROUTING] POST /signin
[00:31:18 PM - ROUTING] GET /friend/request
[00:31:18 PM - ROUTING] POST /test
[00:31:18 PM - ROUTING] POST /signup/phone/demand
[00:31:18 PM - ROUTING] POST /profile-image
[00:31:18 PM - ROUTING] GET /friend
[00:31:18 PM - ROUTING] POST /friend/request
[00:31:18 PM - ROUTING] POST /travel/refuse
[00:31:18 PM - ROUTING] POST /signup
[00:31:18 PM - ROUTING] GET /wish
[00:31:18 PM - ROUTING] POST /chat/read
[00:31:18 PM - ROUTING] GET /profile-image
[00:31:18 PM - ROUTING] POST /signup/email/demand
[00:31:18 PM - ROUTING] POST /friend/accept
[00:31:18 PM - ROUTING] GET /user
[00:31:18 PM - ROUTING] POST /travel
[00:31:18 PM - ROUTING] POST /wish
[00:31:18 PM - ROUTING] POST /find/id/verify
[00:31:18 PM - ROUTING] POST /travel/invite
[00:31:18 PM - ROUTING] GET /attractions/detail
[00:31:21 PM - INFO] REST Resource Documentation Complete
[00:31:21 PM - INFO] Server Started
[00:31:38 PM - ROUTING] GET /travel/invite
[00:31:38 PM - ROUTING] POST /logout
[00:31:38 PM - ROUTING] GET /travel/info
[00:31:38 PM - ROUTING] DELETE /wish
[00:31:38 PM - ROUTING] POST /change/password
[00:31:38 PM - ROUTING] POST /chat
[00:31:38 PM - ROUTING] DELETE /travel/quit
[00:31:38 PM - ROUTING] POST /find/password/demand
[00:31:38 PM - ROUTING] POST /friend/delete
[00:31:38 PM - ROUTING] GET /mypage
[00:31:38 PM - ROUTING] POST /friend/refuse
[00:31:38 PM - ROUTING] DELETE /travel
[00:31:38 PM - ROUTING] GET /find_user
[00:31:38 PM - ROUTING] GET /attractions/list/total
[00:31:38 PM - ROUTING] POST /user
[00:31:38 PM - ROUTING] GET /travel
[00:31:38 PM - ROUTING] POST /signup/id/check
[00:31:38 PM - ROUTING] POST /find/password/verify
[00:31:38 PM - ROUTING] POST /map
[00:31:38 PM - ROUTING] GET /map
[00:31:39 PM - ROUTING] POST /find/id/demand
[00:31:39 PM - ROUTING] POST /signup/phone/verify
[00:31:39 PM - ROUTING] POST /travel/accept
[00:31:39 PM - ROUTING] GET /attractions/list
[00:31:39 PM - ROUTING] POST /signup/email/verify
[00:31:39 PM - ROUTING] POST /signin
[00:31:39 PM - ROUTING] GET /friend/request
[00:31:39 PM - ROUTING] POST /test
[00:31:39 PM - ROUTING] POST /signup/phone/demand
[00:31:39 PM - ROUTING] POST /profile-image
[00:31:39 PM - ROUTING] GET /friend
[00:31:39 PM - ROUTING] POST /friend/request
[00:31:39 PM - ROUTING] POST /travel/refuse
[00:31:39 PM - ROUTING] POST /signup
[00:31:39 PM - ROUTING] GET /wish
[00:31:39 PM - ROUTING] POST /chat/read
[00:31:39 PM - ROUTING] GET /profile-image
[00:31:39 PM - ROUTING] POST /signup/email/demand
[00:31:39 PM - ROUTING] POST /friend/accept
[00:31:39 PM - ROUTING] GET /user
[00:31:39 PM - ROUTING] POST /travel
[00:31:39 PM - ROUTING] POST /wish
[00:31:39 PM - ROUTING] POST /find/id/verify
[00:31:39 PM - ROUTING] POST /travel/invite
[00:31:39 PM - ROUTING] GET /attractions/detail
[00:31:40 PM - INFO] REST Resource Documentation Complete
[00:31:40 PM - INFO] Server Started
[00:48:52 PM - ROUTING] POST /signup/email/demand
[00:48:52 PM - ROUTING] POST /wish
[00:48:52 PM - ROUTING] GET /attractions/list
[00:48:52 PM - ROUTING] POST /chat
[00:48:52 PM - ROUTING] POST /user
[00:48:52 PM - ROUTING] POST /find/password/verify
[00:48:52 PM - ROUTING] GET /travel/info
[00:48:52 PM - ROUTING] POST /friend/refuse
[00:48:52 PM - ROUTING] POST /profile-image
[00:48:52 PM - ROUTING] GET /find_user
[00:48:52 PM - ROUTING] POST /travel/invite
[00:48:52 PM - ROUTING] POST /find/id/demand
[00:48:52 PM - ROUTING] POST /map
[00:48:52 PM - ROUTING] GET /travel
[00:48:52 PM - ROUTING] GET /friend/request
[00:48:52 PM - ROUTING] POST /travel/refuse
[00:48:52 PM - ROUTING] POST /signup/email/verify
[00:48:52 PM - ROUTING] DELETE /travel/quit
[00:48:52 PM - ROUTING] POST /change/password
[00:48:52 PM - ROUTING] POST /signin
[00:48:52 PM - ROUTING] POST /find/id/verify
[00:48:52 PM - ROUTING] GET /mypage
[00:48:52 PM - ROUTING] GET /user
[00:48:52 PM - ROUTING] POST /signup
[00:48:52 PM - ROUTING] GET /attractions/list/total
[00:48:52 PM - ROUTING] POST /signup/phone/demand
[00:48:52 PM - ROUTING] POST /find/password/demand
[00:48:52 PM - ROUTING] POST /test
[00:48:52 PM - ROUTING] POST /friend/request
[00:48:52 PM - ROUTING] GET /wish
[00:48:52 PM - ROUTING] GET /map
[00:48:52 PM - ROUTING] GET /attractions/detail
[00:48:52 PM - ROUTING] POST /signup/id/check
[00:48:52 PM - ROUTING] GET /travel/invite
[00:48:52 PM - ROUTING] POST /signup/phone/verify
[00:48:52 PM - ROUTING] POST /friend/accept
[00:48:52 PM - ROUTING] DELETE /wish
[00:48:52 PM - ROUTING] POST /chat/read
[00:48:52 PM - ROUTING] GET /friend
[00:48:52 PM - ROUTING] POST /logout
[00:48:52 PM - ROUTING] POST /friend/delete
[00:48:52 PM - ROUTING] POST /travel/accept
[00:48:52 PM - ROUTING] POST /travel
[00:48:52 PM - ROUTING] DELETE /travel
[00:48:52 PM - ROUTING] GET /profile-image
[00:48:54 PM - INFO] REST Resource Documentation Complete
[00:48:54 PM - INFO] Server Started
