[09:40:15 PM - ROUTING] GET /travel
[09:40:15 PM - ROUTING] GET /profile-image
[09:40:15 PM - ROUTING] POST /profile-image
[09:40:15 PM - ROUTING] POST /find/password/demand
[09:40:15 PM - ROUTING] GET /wish
[09:40:15 PM - ROUTING] POST /logout
[09:40:15 PM - ROUTING] POST /travel/invite
[09:40:15 PM - ROUTING] POST /wish
[09:40:15 PM - ROUTING] POST /map
[09:40:15 PM - ROUTING] POST /friend/request
[09:40:15 PM - ROUTING] GET /attractions/list
[09:40:15 PM - ROUTING] POST /friend/delete
[09:40:15 PM - ROUTING] POST /signin
[09:40:15 PM - ROUTING] POST /travel/accept
[09:40:15 PM - ROUTING] GET /friend/request
[09:40:15 PM - ROUTING] POST /signup/phone/demand
[09:40:15 PM - ROUTING] POST /travel
[09:40:15 PM - ROUTING] POST /signup/email/verify
[09:40:15 PM - ROUTING] GET /friend
[09:40:15 PM - ROUTING] GET /travel/invite
[09:40:15 PM - ROUTING] POST /change/password
[09:40:15 PM - ROUTING] POST /signup/email/demand
[09:40:15 PM - ROUTING] POST /friend/refuse
[09:40:15 PM - ROUTING] DELETE /wish
[09:40:15 PM - ROUTING] POST /find/id/demand
[09:40:15 PM - ROUTING] POST /signup/id/check
[09:40:15 PM - ROUTING] POST /friend/accept
[09:40:15 PM - ROUTING] GET /attractions/list/total
[09:40:15 PM - ROUTING] POST /travel/refuse
[09:40:15 PM - ROUTING] POST /chat/read
[09:40:15 PM - ROUTING] GET /user
[09:40:15 PM - ROUTING] GET /attractions/detail
[09:40:15 PM - ROUTING] DELETE /travel
[09:40:15 PM - ROUTING] POST /chat
[09:40:15 PM - ROUTING] POST /signup
[09:40:15 PM - ROUTING] GET /map
[09:40:15 PM - ROUTING] GET /mypage
[09:40:15 PM - ROUTING] DELETE /travel/quit
[09:40:15 PM - ROUTING] POST /find/id/verify
[09:40:15 PM - ROUTING] GET /travel/info
[09:40:15 PM - ROUTING] POST /find/password/verify
[09:40:15 PM - ROUTING] GET /find_user
[09:40:15 PM - ROUTING] POST /signup/phone/verify
[09:40:15 PM - ROUTING] POST /user
[09:40:18 PM - INFO] REST Resource Documentation Complete
[09:40:18 PM - INFO] Server Started
[09:40:23 PM - INFO] Check
[09:40:28 PM - INFO] Check
