[07:12:57 PM - ROUTING] POST /signup/id/check
[07:12:57 PM - ROUTING] POST /friend/refuse
[07:12:57 PM - ROUTING] POST /find/id/demand
[07:12:57 PM - ROUTING] DELETE /travel/quit
[07:12:57 PM - ROUTING] POST /travel/refuse
[07:12:57 PM - ROUTING] POST /profile-image
[07:12:57 PM - ROUTING] GET /find_user
[07:12:57 PM - ROUTING] POST /signup
[07:12:57 PM - ROUTING] GET /attractions/detail
[07:12:57 PM - ROUTING] POST /find/id/verify
[07:12:57 PM - ROUTING] POST /signin
[07:12:57 PM - ROUTING] POST /user
[07:12:57 PM - ROUTING] GET /profile-image
[07:12:57 PM - ROUTING] GET /travel/invite
[07:12:57 PM - ROUTING] POST /wish
[07:12:57 PM - ROUTING] POST /map
[07:12:57 PM - ROUTING] GET /wish
[07:12:57 PM - ROUTING] GET /friend
[07:12:57 PM - ROUTING] POST /signup/email/check
[07:12:57 PM - ROUTING] GET /attractions/list
[07:12:57 PM - ROUTING] POST /friend/request
[07:12:57 PM - ROUTING] DELETE /wish
[07:12:57 PM - ROUTING] POST /signup/email/verify
[07:12:57 PM - ROUTING] POST /change/password
[07:12:57 PM - ROUTING] GET /travel/info
[07:12:57 PM - ROUTING] POST /signup/phone/verify
[07:12:57 PM - ROUTING] POST /signup/phone/check
[07:12:57 PM - ROUTING] POST /travel
[07:12:57 PM - ROUTING] GET /attractions/list/total
[07:12:57 PM - ROUTING] POST /logout
[07:12:57 PM - ROUTING] POST /travel/accept
[07:12:57 PM - ROUTING] POST /friend/accept
[07:12:57 PM - ROUTING] GET /map
[07:12:57 PM - ROUTING] POST /signup/email/demand
[07:12:57 PM - ROUTING] DELETE /travel
[07:12:57 PM - ROUTING] GET /friend/request
[07:12:57 PM - ROUTING] GET /travel
[07:12:57 PM - ROUTING] POST /signup/phone/demand
[07:12:57 PM - ROUTING] POST /travel/invite
[07:12:57 PM - ROUTING] GET /mypage
[07:12:57 PM - ROUTING] POST /find/password/demand
[07:12:57 PM - ROUTING] POST /find/password/verify
[07:12:57 PM - ROUTING] POST /friend/delete
[07:43:06 PM - ROUTING] POST /signup/id/check
[07:43:06 PM - ROUTING] POST /friend/refuse
[07:43:06 PM - ROUTING] POST /find/id/demand
[07:43:06 PM - ROUTING] DELETE /travel/quit
[07:43:06 PM - ROUTING] POST /travel/refuse
[07:43:06 PM - ROUTING] POST /profile-image
[07:43:06 PM - ROUTING] GET /find_user
[07:43:06 PM - ROUTING] POST /signup
[07:43:06 PM - ROUTING] GET /attractions/detail
[07:43:06 PM - ROUTING] POST /find/id/verify
[07:43:06 PM - ROUTING] POST /signin
[07:43:06 PM - ROUTING] POST /user
[07:43:06 PM - ROUTING] GET /profile-image
[07:43:06 PM - ROUTING] GET /travel/invite
[07:43:06 PM - ROUTING] POST /wish
[07:43:06 PM - ROUTING] POST /map
[07:43:06 PM - ROUTING] GET /wish
[07:43:06 PM - ROUTING] GET /friend
[07:43:06 PM - ROUTING] POST /signup/email/check
[07:43:06 PM - ROUTING] GET /attractions/list
[07:43:06 PM - ROUTING] POST /friend/request
[07:43:06 PM - ROUTING] DELETE /wish
[07:43:06 PM - ROUTING] POST /signup/email/verify
[07:43:06 PM - ROUTING] POST /change/password
[07:43:06 PM - ROUTING] GET /travel/info
[07:43:06 PM - ROUTING] POST /signup/phone/verify
[07:43:06 PM - ROUTING] POST /signup/phone/check
[07:43:06 PM - ROUTING] POST /travel
[07:43:06 PM - ROUTING] GET /attractions/list/total
[07:43:06 PM - ROUTING] POST /logout
[07:43:06 PM - ROUTING] POST /travel/accept
[07:43:06 PM - ROUTING] POST /friend/accept
[07:43:06 PM - ROUTING] GET /map
[07:43:06 PM - ROUTING] POST /signup/email/demand
[07:43:06 PM - ROUTING] DELETE /travel
[07:43:06 PM - ROUTING] GET /friend/request
[07:43:06 PM - ROUTING] GET /travel
[07:43:06 PM - ROUTING] POST /signup/phone/demand
[07:43:06 PM - ROUTING] POST /travel/invite
[07:43:06 PM - ROUTING] GET /mypage
[07:43:06 PM - ROUTING] POST /find/password/demand
[07:43:06 PM - ROUTING] POST /find/password/verify
[07:43:06 PM - ROUTING] POST /friend/delete
[07:44:16 PM - ROUTING] POST /signup/id/check
[07:44:16 PM - ROUTING] POST /friend/refuse
[07:44:16 PM - ROUTING] POST /find/id/demand
[07:44:16 PM - ROUTING] DELETE /travel/quit
[07:44:16 PM - ROUTING] POST /travel/refuse
[07:44:16 PM - ROUTING] POST /profile-image
[07:44:16 PM - ROUTING] GET /find_user
[07:44:16 PM - ROUTING] POST /signup
[07:44:16 PM - ROUTING] GET /attractions/detail
[07:44:16 PM - ROUTING] POST /find/id/verify
[07:44:16 PM - ROUTING] POST /signin
[07:44:16 PM - ROUTING] POST /user
[07:44:16 PM - ROUTING] GET /profile-image
[07:44:16 PM - ROUTING] GET /travel/invite
[07:44:16 PM - ROUTING] POST /wish
[07:44:16 PM - ROUTING] POST /map
[07:44:16 PM - ROUTING] GET /wish
[07:44:16 PM - ROUTING] GET /friend
[07:44:16 PM - ROUTING] POST /signup/email/check
[07:44:16 PM - ROUTING] GET /attractions/list
[07:44:16 PM - ROUTING] POST /friend/request
[07:44:16 PM - ROUTING] DELETE /wish
[07:44:16 PM - ROUTING] POST /signup/email/verify
[07:44:16 PM - ROUTING] POST /change/password
[07:44:16 PM - ROUTING] GET /travel/info
[07:44:16 PM - ROUTING] POST /signup/phone/verify
[07:44:16 PM - ROUTING] POST /signup/phone/check
[07:44:16 PM - ROUTING] POST /travel
[07:44:16 PM - ROUTING] GET /attractions/list/total
[07:44:16 PM - ROUTING] POST /logout
[07:44:16 PM - ROUTING] POST /travel/accept
[07:44:16 PM - ROUTING] POST /friend/accept
[07:44:16 PM - ROUTING] GET /map
[07:44:16 PM - ROUTING] POST /signup/email/demand
[07:44:16 PM - ROUTING] DELETE /travel
[07:44:16 PM - ROUTING] GET /friend/request
[07:44:16 PM - ROUTING] GET /travel
[07:44:16 PM - ROUTING] POST /signup/phone/demand
[07:44:16 PM - ROUTING] POST /travel/invite
[07:44:16 PM - ROUTING] GET /mypage
[07:44:16 PM - ROUTING] POST /find/password/demand
[07:44:16 PM - ROUTING] POST /find/password/verify
[07:44:16 PM - ROUTING] POST /friend/delete
[07:44:24 PM - ROUTING] POST /signup/id/check
[07:44:24 PM - ROUTING] POST /friend/refuse
[07:44:24 PM - ROUTING] POST /find/id/demand
[07:44:24 PM - ROUTING] DELETE /travel/quit
[07:44:24 PM - ROUTING] POST /travel/refuse
[07:44:24 PM - ROUTING] POST /profile-image
[07:44:24 PM - ROUTING] GET /find_user
[07:44:24 PM - ROUTING] POST /signup
[07:44:24 PM - ROUTING] GET /attractions/detail
[07:44:24 PM - ROUTING] POST /find/id/verify
[07:44:24 PM - ROUTING] POST /signin
[07:44:24 PM - ROUTING] POST /user
[07:44:24 PM - ROUTING] GET /profile-image
[07:44:24 PM - ROUTING] GET /travel/invite
[07:44:24 PM - ROUTING] POST /wish
[07:44:24 PM - ROUTING] POST /map
[07:44:24 PM - ROUTING] GET /wish
[07:44:24 PM - ROUTING] GET /friend
[07:44:24 PM - ROUTING] POST /signup/email/check
[07:44:24 PM - ROUTING] GET /attractions/list
[07:44:24 PM - ROUTING] POST /friend/request
[07:44:24 PM - ROUTING] DELETE /wish
[07:44:24 PM - ROUTING] POST /signup/email/verify
[07:44:24 PM - ROUTING] POST /change/password
[07:44:24 PM - ROUTING] GET /travel/info
[07:44:24 PM - ROUTING] POST /signup/phone/verify
[07:44:24 PM - ROUTING] POST /signup/phone/check
[07:44:24 PM - ROUTING] POST /travel
[07:44:24 PM - ROUTING] GET /attractions/list/total
[07:44:24 PM - ROUTING] POST /logout
[07:44:24 PM - ROUTING] POST /travel/accept
[07:44:24 PM - ROUTING] POST /friend/accept
[07:44:24 PM - ROUTING] GET /map
[07:44:24 PM - ROUTING] POST /signup/email/demand
[07:44:24 PM - ROUTING] DELETE /travel
[07:44:24 PM - ROUTING] GET /friend/request
[07:44:24 PM - ROUTING] GET /travel
[07:44:24 PM - ROUTING] POST /signup/phone/demand
[07:44:24 PM - ROUTING] POST /travel/invite
[07:44:24 PM - ROUTING] GET /mypage
[07:44:24 PM - ROUTING] POST /find/password/demand
[07:44:24 PM - ROUTING] POST /find/password/verify
[07:44:24 PM - ROUTING] POST /friend/delete
